2024-12-15 18:04:20 INFO  StarWarsApp - Запуск консольного приложения StarWarsApp.
2024-12-15 18:04:20 INFO  Dictionary - Таркин - people
2024-12-15 18:04:20 INFO  Dictionary - Желтый - color
2024-12-15 18:04:20 INFO  Dictionary - Оби-Ван - people
2024-12-15 18:04:20 INFO  Dictionary - Йода - people
2024-12-15 18:04:20 INFO  Dictionary - Кассиан Андор - people
2024-12-15 18:04:20 INFO  Dictionary - Люк Скайуокер - people
2024-12-15 18:04:20 INFO  Dictionary - Зеленый - color
2024-12-15 18:04:20 INFO  Dictionary - Рей - people
2024-12-15 18:04:20 INFO  Dictionary - Голубой - color
2024-12-15 18:04:20 INFO  Dictionary - Дагоба - planets
2024-12-15 18:04:20 INFO  Dictionary - Фин - people
2024-12-15 18:04:20 INFO  Dictionary - Дарт Вейдер - people
2024-12-15 18:04:20 INFO  Dictionary - Лея - people
2024-12-15 18:04:20 INFO  Dictionary - Татуин - planets
2024-12-15 18:04:20 INFO  Dictionary - Красный - color
2024-12-15 18:05:32 INFO  StarWarsApp - Запуск консольного приложения StarWarsApp.
2024-12-15 18:05:32 INFO  Dictionary - Таркин - people
2024-12-15 18:05:32 INFO  Dictionary - Желтый - color
2024-12-15 18:05:32 INFO  Dictionary - Оби-Ван - people
2024-12-15 18:05:32 INFO  Dictionary - Йода - people
2024-12-15 18:05:32 INFO  Dictionary - Кассиан Андор - people
2024-12-15 18:05:32 INFO  Dictionary - Люк Скайуокер - people
2024-12-15 18:05:32 INFO  Dictionary - Зеленый - color
2024-12-15 18:05:32 INFO  Dictionary - Рей - people
2024-12-15 18:05:32 INFO  Dictionary - Голубой - color
2024-12-15 18:05:32 INFO  Dictionary - Дагоба - planets
2024-12-15 18:05:32 INFO  Dictionary - Фин - people
2024-12-15 18:05:32 INFO  Dictionary - Дарт Вейдер - people
2024-12-15 18:05:32 INFO  Dictionary - Лея - people
2024-12-15 18:05:32 INFO  Dictionary - Татуин - planets
2024-12-15 18:05:32 INFO  Dictionary - Красный - color
2024-12-15 18:07:09 INFO  StarWarsApp - Запуск консольного приложения StarWarsApp.
2024-12-15 18:07:09 INFO  Dictionary - Таркин - people
2024-12-15 18:07:09 INFO  Dictionary - Желтый - color
2024-12-15 18:07:09 INFO  Dictionary - Оби-Ван - people
2024-12-15 18:07:09 INFO  Dictionary - Йода - people
2024-12-15 18:07:09 INFO  Dictionary - Кассиан Андор - people
2024-12-15 18:07:09 INFO  Dictionary - Люк Скайуокер - people
2024-12-15 18:07:09 INFO  Dictionary - Зеленый - color
2024-12-15 18:07:09 INFO  Dictionary - Рей - people
2024-12-15 18:07:09 INFO  Dictionary - Голубой - color
2024-12-15 18:07:09 INFO  Dictionary - Дагоба - planets
2024-12-15 18:07:09 INFO  Dictionary - Фин - people
2024-12-15 18:07:09 INFO  Dictionary - Дарт Вейдер - people
2024-12-15 18:07:09 INFO  Dictionary - Лея - people
2024-12-15 18:07:09 INFO  Dictionary - Татуин - planets
2024-12-15 18:07:09 INFO  Dictionary - Красный - color
2024-12-15 18:07:49 INFO  StarWarsApp - Запуск консольного приложения StarWarsApp.
2024-12-15 18:07:49 INFO  Dictionary - Таркин - people
2024-12-15 18:07:49 INFO  Dictionary - Желтый - color
2024-12-15 18:07:49 INFO  Dictionary - Оби-Ван - people
2024-12-15 18:07:49 INFO  Dictionary - Йода - people
2024-12-15 18:07:49 INFO  Dictionary - Кассиан Андор - people
2024-12-15 18:07:49 INFO  Dictionary - Люк Скайуокер - people
2024-12-15 18:07:49 INFO  Dictionary - Зеленый - color
2024-12-15 18:07:49 INFO  Dictionary - Рей - people
2024-12-15 18:07:49 INFO  Dictionary - Голубой - color
2024-12-15 18:07:49 INFO  Dictionary - Дагоба - planets
2024-12-15 18:07:49 INFO  Dictionary - Фин - people
2024-12-15 18:07:49 INFO  Dictionary - Дарт Вейдер - people
2024-12-15 18:07:49 INFO  Dictionary - Лея - people
2024-12-15 18:07:49 INFO  Dictionary - Татуин - planets
2024-12-15 18:07:49 INFO  Dictionary - Красный - color
2024-12-15 18:09:44 INFO  StarWarsApp - Запуск консольного приложения StarWarsApp.
2024-12-15 18:09:44 INFO  Dictionary - Таркин - people
2024-12-15 18:09:44 INFO  Dictionary - Желтый - color
2024-12-15 18:09:44 INFO  Dictionary - Оби-Ван - people
2024-12-15 18:09:44 INFO  Dictionary - Йода - people
2024-12-15 18:09:44 INFO  Dictionary - Кассиан Андор - people
2024-12-15 18:09:44 INFO  Dictionary - Люк Скайуокер - people
2024-12-15 18:09:44 INFO  Dictionary - Зеленый - color
2024-12-15 18:09:44 INFO  Dictionary - Рей - people
2024-12-15 18:09:44 INFO  Dictionary - Голубой - color
2024-12-15 18:09:44 INFO  Dictionary - Дагоба - planets
2024-12-15 18:09:44 INFO  Dictionary - Фин - people
2024-12-15 18:09:44 INFO  Dictionary - Дарт Вейдер - people
2024-12-15 18:09:44 INFO  Dictionary - Лея - people
2024-12-15 18:09:44 INFO  Dictionary - Татуин - planets
2024-12-15 18:09:44 INFO  Dictionary - Красный - color
2024-12-15 18:10:59 INFO  StarWarsApp - Запуск консольного приложения StarWarsApp.
2024-12-15 18:10:59 INFO  Dictionary - Таркин - people
2024-12-15 18:10:59 INFO  Dictionary - Желтый - color
2024-12-15 18:10:59 INFO  Dictionary - Оби-Ван - people
2024-12-15 18:10:59 INFO  Dictionary - Йода - people
2024-12-15 18:10:59 INFO  Dictionary - Кассиан Андор - people
2024-12-15 18:10:59 INFO  Dictionary - Люк Скайуокер - people
2024-12-15 18:10:59 INFO  Dictionary - Зеленый - color
2024-12-15 18:10:59 INFO  Dictionary - Рей - people
2024-12-15 18:10:59 INFO  Dictionary - Голубой - color
2024-12-15 18:10:59 INFO  Dictionary - Дагоба - planets
2024-12-15 18:10:59 INFO  Dictionary - Фин - people
2024-12-15 18:10:59 INFO  Dictionary - Дарт Вейдер - people
2024-12-15 18:10:59 INFO  Dictionary - Лея - people
2024-12-15 18:10:59 INFO  Dictionary - Татуин - planets
2024-12-15 18:10:59 INFO  Dictionary - Красный - color
2024-12-15 18:12:31 INFO  StarWarsApp - Запуск консольного приложения StarWarsApp.
2024-12-15 18:12:31 INFO  Dictionary - Таркин - people
2024-12-15 18:12:31 INFO  Dictionary - Желтый - color
2024-12-15 18:12:31 INFO  Dictionary - Оби-Ван - people
2024-12-15 18:12:31 INFO  Dictionary - Йода - people
2024-12-15 18:12:31 INFO  Dictionary - Кассиан Андор - people
2024-12-15 18:12:31 INFO  Dictionary - Люк Скайуокер - people
2024-12-15 18:12:31 INFO  Dictionary - Зеленый - color
2024-12-15 18:12:31 INFO  Dictionary - Рей - people
2024-12-15 18:12:31 INFO  Dictionary - Голубой - color
2024-12-15 18:12:31 INFO  Dictionary - Дагоба - planets
2024-12-15 18:12:31 INFO  Dictionary - Фин - people
2024-12-15 18:12:31 INFO  Dictionary - Дарт Вейдер - people
2024-12-15 18:12:31 INFO  Dictionary - Лея - people
2024-12-15 18:12:31 INFO  Dictionary - Татуин - planets
2024-12-15 18:12:31 INFO  Dictionary - Красный - color
2024-12-15 18:39:51 INFO  StarWarsApp - Запуск консольного приложения StarWarsApp.
2024-12-15 18:39:51 INFO  Dictionary - Таркин - people
2024-12-15 18:39:51 INFO  Dictionary - Желтый - color
2024-12-15 18:39:51 INFO  Dictionary - Оби-Ван - people
2024-12-15 18:39:51 INFO  Dictionary - Йода - people
2024-12-15 18:39:51 INFO  Dictionary - Кассиан Андор - people
2024-12-15 18:39:51 INFO  Dictionary - Люк Скайуокер - people
2024-12-15 18:39:51 INFO  Dictionary - Зеленый - color
2024-12-15 18:39:51 INFO  Dictionary - Рей - people
2024-12-15 18:39:51 INFO  Dictionary - Голубой - color
2024-12-15 18:39:51 INFO  Dictionary - Дагоба - planets
2024-12-15 18:39:51 INFO  Dictionary - Фин - people
2024-12-15 18:39:51 INFO  Dictionary - Дарт Вейдер - people
2024-12-15 18:39:51 INFO  Dictionary - Лея - people
2024-12-15 18:39:51 INFO  Dictionary - Татуин - planets
2024-12-15 18:39:51 INFO  Dictionary - Красный - color
2024-12-15 21:39:17 INFO  StarWarsApp - Запуск консольного приложения StarWarsApp.
2024-12-15 21:39:17 INFO  Dictionary - Таркин - people
2024-12-15 21:39:17 INFO  Dictionary - Желтый - color
2024-12-15 21:39:17 INFO  Dictionary - Оби-Ван - people
2024-12-15 21:39:17 INFO  Dictionary - Йода - people
2024-12-15 21:39:17 INFO  Dictionary - Кассиан Андор - people
2024-12-15 21:39:17 INFO  Dictionary - Люк Скайуокер - people
2024-12-15 21:39:17 INFO  Dictionary - Зеленый - color
2024-12-15 21:39:17 INFO  Dictionary - Рей - people
2024-12-15 21:39:17 INFO  Dictionary - Голубой - color
2024-12-15 21:39:17 INFO  Dictionary - Дагоба - planets
2024-12-15 21:39:17 INFO  Dictionary - Фин - people
2024-12-15 21:39:17 INFO  Dictionary - Дарт Вейдер - people
2024-12-15 21:39:17 INFO  Dictionary - Лея - people
2024-12-15 21:39:17 INFO  Dictionary - Татуин - planets
2024-12-15 21:39:17 INFO  Dictionary - Красный - color
2024-12-15 21:39:23 INFO  StarWarsApp - Запуск консольного приложения StarWarsApp.
2024-12-15 21:39:23 INFO  Dictionary - Таркин - people
2024-12-15 21:39:23 INFO  Dictionary - Желтый - color
2024-12-15 21:39:23 INFO  Dictionary - Оби-Ван - people
2024-12-15 21:39:23 INFO  Dictionary - Йода - people
2024-12-15 21:39:23 INFO  Dictionary - Кассиан Андор - people
2024-12-15 21:39:23 INFO  Dictionary - Люк Скайуокер - people
2024-12-15 21:39:23 INFO  Dictionary - Зеленый - color
2024-12-15 21:39:23 INFO  Dictionary - Рей - people
2024-12-15 21:39:23 INFO  Dictionary - Голубой - color
2024-12-15 21:39:23 INFO  Dictionary - Дагоба - planets
2024-12-15 21:39:23 INFO  Dictionary - Фин - people
2024-12-15 21:39:23 INFO  Dictionary - Дарт Вейдер - people
2024-12-15 21:39:23 INFO  Dictionary - Лея - people
2024-12-15 21:39:23 INFO  Dictionary - Татуин - planets
2024-12-15 21:39:23 INFO  Dictionary - Красный - color
2024-12-15 21:39:49 INFO  StarWarsApp - Запуск консольного приложения StarWarsApp.
2024-12-15 21:39:49 INFO  Dictionary - Таркин - people
2024-12-15 21:39:49 INFO  Dictionary - Желтый - color
2024-12-15 21:39:49 INFO  Dictionary - Оби-Ван - people
2024-12-15 21:39:49 INFO  Dictionary - Йода - people
2024-12-15 21:39:49 INFO  Dictionary - Кассиан Андор - people
2024-12-15 21:39:49 INFO  Dictionary - Люк Скайуокер - people
2024-12-15 21:39:49 INFO  Dictionary - Зеленый - color
2024-12-15 21:39:49 INFO  Dictionary - Рей - people
2024-12-15 21:39:49 INFO  Dictionary - Голубой - color
2024-12-15 21:39:49 INFO  Dictionary - Дагоба - planets
2024-12-15 21:39:49 INFO  Dictionary - Фин - people
2024-12-15 21:39:49 INFO  Dictionary - Дарт Вейдер - people
2024-12-15 21:39:49 INFO  Dictionary - Лея - people
2024-12-15 21:39:49 INFO  Dictionary - Татуин - planets
2024-12-15 21:39:49 INFO  Dictionary - Красный - color
2024-12-15 21:41:24 INFO  StarWarsApp - Запуск консольного приложения StarWarsApp.
2024-12-15 21:41:24 INFO  Dictionary - Таркин - people
2024-12-15 21:41:24 INFO  Dictionary - Желтый - color
2024-12-15 21:41:24 INFO  Dictionary - Оби-Ван - people
2024-12-15 21:41:24 INFO  Dictionary - Йода - people
2024-12-15 21:41:24 INFO  Dictionary - Кассиан Андор - people
2024-12-15 21:41:24 INFO  Dictionary - Люк Скайуокер - people
2024-12-15 21:41:24 INFO  Dictionary - Зеленый - color
2024-12-15 21:41:24 INFO  Dictionary - Рей - people
2024-12-15 21:41:24 INFO  Dictionary - Голубой - color
2024-12-15 21:41:24 INFO  Dictionary - Дагоба - planets
2024-12-15 21:41:24 INFO  Dictionary - Фин - people
2024-12-15 21:41:24 INFO  Dictionary - Дарт Вейдер - people
2024-12-15 21:41:24 INFO  Dictionary - Лея - people
2024-12-15 21:41:24 INFO  Dictionary - Татуин - planets
2024-12-15 21:41:24 INFO  Dictionary - Красный - color
2024-12-15 21:41:36 INFO  StarWarsApp - Нет доступных данных для чтения.
2024-12-15 21:41:36 INFO  StarWarsApp - Консольное приложение завершено.
2024-12-15 21:41:39 INFO  StarWarsApp - Запуск консольного приложения StarWarsApp.
2024-12-15 21:41:39 INFO  Dictionary - Таркин - people
2024-12-15 21:41:39 INFO  Dictionary - Желтый - color
2024-12-15 21:41:39 INFO  Dictionary - Оби-Ван - people
2024-12-15 21:41:39 INFO  Dictionary - Йода - people
2024-12-15 21:41:39 INFO  Dictionary - Кассиан Андор - people
2024-12-15 21:41:39 INFO  Dictionary - Люк Скайуокер - people
2024-12-15 21:41:39 INFO  Dictionary - Зеленый - color
2024-12-15 21:41:39 INFO  Dictionary - Рей - people
2024-12-15 21:41:39 INFO  Dictionary - Голубой - color
2024-12-15 21:41:39 INFO  Dictionary - Дагоба - planets
2024-12-15 21:41:39 INFO  Dictionary - Фин - people
2024-12-15 21:41:39 INFO  Dictionary - Дарт Вейдер - people
2024-12-15 21:41:39 INFO  Dictionary - Лея - people
2024-12-15 21:41:39 INFO  Dictionary - Татуин - planets
2024-12-15 21:41:39 INFO  Dictionary - Красный - color
2024-12-15 21:44:54 INFO  StarWarsApp - Нет доступных данных для чтения.
2024-12-15 21:44:54 INFO  StarWarsApp - Консольное приложение завершено.
2024-12-15 21:45:02 INFO  StarWarsApp - Запуск графического интерфейса StarWarsApp.
2024-12-15 21:45:12 INFO  RequestHandler - Обрабатываем запрос: Таркин
2024-12-15 21:45:15 ERROR RequestHandler - Ошибка при получении данных для ресурса 'Таркин': ресурс не найден.
2024-12-15 21:45:15 INFO  StarWarsApp - Обработан запрос: Таркин
2024-12-15 21:50:12 INFO  RequestHandler - Обрабатываем запрос: ы
2024-12-15 21:50:12 WARN  RequestHandler - Запрос не найден в словаре: ы
2024-12-15 21:50:12 INFO  StarWarsApp - Обработан запрос: ы
2024-12-15 21:55:54 INFO  RequestHandler - Обрабатываем запрос: ы
2024-12-15 21:55:54 WARN  RequestHandler - Запрос не найден в словаре: ы
2024-12-15 21:55:54 INFO  StarWarsApp - Обработан запрос: ы
2024-12-15 21:57:28 INFO  RequestHandler - Обрабатываем запрос: Люк Скайвокер
2024-12-15 21:57:28 WARN  RequestHandler - Запрос не найден в словаре: Люк Скайвокер
2024-12-15 21:57:28 INFO  StarWarsApp - Обработан запрос: Люк Скайвокер
2024-12-15 21:57:34 INFO  RequestHandler - Обрабатываем запрос: Люк
2024-12-15 21:57:34 WARN  RequestHandler - Запрос не найден в словаре: Люк
2024-12-15 21:57:34 INFO  StarWarsApp - Обработан запрос: Люк
2024-12-15 21:57:34 INFO  RequestHandler - Обрабатываем запрос: Люк
2024-12-15 21:57:34 WARN  RequestHandler - Запрос не найден в словаре: Люк
2024-12-15 21:57:34 INFO  StarWarsApp - Обработан запрос: Люк
2024-12-15 21:57:48 INFO  RequestHandler - Обрабатываем запрос: Йода
2024-12-15 21:57:50 ERROR RequestHandler - Ошибка при получении данных для ресурса 'Йода': ресурс не найден.
2024-12-15 21:57:50 INFO  StarWarsApp - Обработан запрос: Йода
2024-12-15 22:29:33 INFO  RequestHandler - Обрабатываем запрос: Оби-Ван
2024-12-15 22:29:35 ERROR RequestHandler - Ошибка при получении данных для ресурса 'Оби-Ван': ресурс не найден.
2024-12-15 22:29:35 INFO  StarWarsApp - Обработан запрос: Оби-Ван
2024-12-16 10:29:45 INFO  RequestHandler - Обрабатываем запрос: Таркин
2024-12-16 10:29:54 ERROR RequestHandler - Ошибка при получении данных для ресурса 'Таркин': ресурс не найден.
2024-12-16 10:29:54 INFO  StarWarsApp - Обработан запрос: Таркин
2024-12-16 10:29:54 INFO  RequestHandler - Обрабатываем запрос: Таркин
2024-12-16 10:30:15 ERROR SWAPIService - Ошибка при выполнении запроса к SWAPI для ресурса 'people': Connection timed out: connect
2024-12-16 10:30:15 ERROR RequestHandler - Ошибка при получении данных для ресурса 'Таркин': ресурс не найден.
2024-12-16 10:30:15 INFO  StarWarsApp - Обработан запрос: Таркин
2024-12-16 12:32:26 INFO  RequestHandler - Обрабатываем запрос: Таркин
2024-12-16 12:32:28 ERROR RequestHandler - Ошибка при получении данных для ресурса 'Таркин': ресурс не найден.
2024-12-16 12:32:28 INFO  StarWarsApp - Обработан запрос: Таркин
2024-12-16 12:47:27 INFO  RequestHandler - Обрабатываем запрос: Йода
2024-12-16 12:47:29 ERROR RequestHandler - Ошибка при обработке JSON для запроса 'Йода': class io.restassured.path.json.JsonPath cannot be cast to class com.fasterxml.jackson.core.TreeNode (io.restassured.path.json.JsonPath and com.fasterxml.jackson.core.TreeNode are in unnamed module of loader 'app')
2024-12-16 12:47:29 INFO  StarWarsApp - Обработан запрос: Йода
2024-12-16 12:48:30 INFO  RequestHandler - Обрабатываем запрос: Дагоба
2024-12-16 12:48:33 ERROR RequestHandler - Ошибка при обработке JSON для запроса 'Дагоба': Unrecognized field "rotation_period" (class StarWarsLib.PlanetDTO), not marked as ignorable (3 known properties: "name", "climate", "population"])
 at [Source: UNKNOWN; byte offset: #UNKNOWN] (through reference chain: StarWarsLib.PlanetDTO["rotation_period"])
2024-12-16 12:48:33 INFO  StarWarsApp - Обработан запрос: Дагоба
2024-12-16 12:49:36 INFO  RequestHandler - Обрабатываем запрос: Дагоба
2024-12-16 12:49:39 ERROR RequestHandler - Ошибка при обработке JSON для запроса 'Дагоба': Unrecognized field "rotation_period" (class StarWarsLib.PlanetDTO), not marked as ignorable (10 known properties: "climate", "orbitalPeriod", "surfaceWater", "name", "population", "gravity", "films", "terrain", "diameter", "rotationPeriod"])
 at [Source: UNKNOWN; byte offset: #UNKNOWN] (through reference chain: StarWarsLib.PlanetDTO["rotation_period"])
2024-12-16 12:49:39 INFO  StarWarsApp - Обработан запрос: Дагоба
2024-12-16 12:50:11 INFO  RequestHandler - Обрабатываем запрос: Дагоба
2024-12-16 12:50:13 ERROR RequestHandler - Ошибка при обработке JSON для запроса 'Дагоба': Unrecognized field "rotation_period" (class StarWarsLib.PlanetDTO), not marked as ignorable (3 known properties: "name", "climate", "population"])
 at [Source: UNKNOWN; byte offset: #UNKNOWN] (through reference chain: StarWarsLib.PlanetDTO["rotation_period"])
2024-12-16 12:50:13 INFO  StarWarsApp - Обработан запрос: Дагоба
2024-12-16 12:56:54 INFO  Dictionary - Finn - people
2024-12-16 12:56:54 INFO  Dictionary - Таркин - people
2024-12-16 12:56:54 INFO  Dictionary - Luke Skywalker - people
2024-12-16 12:56:54 INFO  Dictionary - Rey - people
2024-12-16 12:56:54 INFO  Dictionary - Оби-Ван - people
2024-12-16 12:56:54 INFO  Dictionary - Tarkin - people
2024-12-16 12:56:54 INFO  Dictionary - Dagobah - planets
2024-12-16 12:56:54 INFO  Dictionary - Obi-Wan - people
2024-12-16 12:56:54 INFO  Dictionary - Йода - people
2024-12-16 12:56:54 INFO  Dictionary - Кассиан Андор - people
2024-12-16 12:56:54 INFO  Dictionary - Darth Vader - people
2024-12-16 12:56:54 INFO  Dictionary - Люк Скайуокер - people
2024-12-16 12:56:54 INFO  Dictionary - Рей - people
2024-12-16 12:56:54 INFO  Dictionary - Leia - people
2024-12-16 12:56:54 INFO  Dictionary - Дагоба - planets
2024-12-16 12:56:54 INFO  Dictionary - Tatooine - planets
2024-12-16 12:56:54 INFO  Dictionary - Фин - people
2024-12-16 12:56:54 INFO  Dictionary - Yoda - people
2024-12-16 12:56:54 INFO  Dictionary - Дарт Вейдер - people
2024-12-16 12:56:54 INFO  Dictionary - Лея - people
2024-12-16 12:56:54 INFO  Dictionary - Cassian Andor - people
2024-12-16 12:56:54 INFO  Dictionary - Татуин - planets
2024-12-16 12:57:01 INFO  RequestHandler - Обрабатываем запрос: Cassian Andor
2024-12-16 12:57:01 WARN  RequestHandler - Запрос не найден в словаре, или это запрос на персонажа: Cassian Andor
2024-12-16 12:57:03 ERROR RequestHandler - Ошибка при получении данных для ресурса 'Cassian Andor': ресурс не найден.
2024-12-16 12:57:03 INFO  StarWarsApp - Обработан запрос: Cassian Andor
2024-12-16 12:57:17 INFO  RequestHandler - Обрабатываем запрос: Лея
2024-12-16 12:57:17 WARN  RequestHandler - Запрос не найден в словаре, или это запрос на персонажа: Лея
2024-12-16 12:57:18 ERROR RequestHandler - Ошибка при получении данных для ресурса 'Лея': ресурс не найден.
2024-12-16 12:57:18 INFO  StarWarsApp - Обработан запрос: Лея
2024-12-16 12:57:34 INFO  RequestHandler - Обрабатываем запрос: Tatooine
2024-12-16 12:57:35 ERROR RequestHandler - Ошибка при получении данных для ресурса 'Tatooine': ресурс не найден.
2024-12-16 12:57:35 INFO  StarWarsApp - Обработан запрос: Tatooine
2024-12-16 12:57:36 INFO  RequestHandler - Обрабатываем запрос: Tatooine
2024-12-16 12:57:37 ERROR RequestHandler - Ошибка при получении данных для ресурса 'Tatooine': ресурс не найден.
2024-12-16 12:57:37 INFO  StarWarsApp - Обработан запрос: Tatooine
2024-12-16 12:58:00 INFO  RequestHandler - Обрабатываем запрос: Luke Skywalker
2024-12-16 12:58:00 WARN  RequestHandler - Запрос не найден в словаре, или это запрос на персонажа: Luke Skywalker
2024-12-16 12:58:03 ERROR RequestHandler - Ошибка при получении данных для ресурса 'Luke Skywalker': ресурс не найден.
2024-12-16 12:58:03 INFO  StarWarsApp - Обработан запрос: Luke Skywalker
2024-12-16 13:00:16 INFO  RequestHandler - Обрабатываем запрос: Luke Skywalker
2024-12-16 13:00:18 ERROR RequestHandler - Ошибка подключения к SWAPI.
2024-12-16 13:00:18 INFO  StarWarsApp - Обработан запрос: Luke Skywalker
2024-12-16 13:12:50 INFO  RequestHandler - Обрабатываем запрос: Люк Скайуокер
2024-12-16 13:12:52 ERROR RequestHandler - Ошибка подключения к SWAPI.
2024-12-16 13:13:20 INFO  RequestHandler - Обрабатываем запрос: Mace Windu
2024-12-16 13:13:22 ERROR RequestHandler - Ошибка подключения к SWAPI.
2024-12-16 13:13:22 INFO  StarWarsApp - Обработан запрос: Mace Windu
2024-12-16 13:21:10 INFO  RequestHandler - Обрабатываем запрос: people/1/
2024-12-16 13:21:12 ERROR RequestHandler - Ошибка подключения к SWAPI.
2024-12-16 13:21:12 INFO  StarWarsApp - Обработан запрос: people/1/
2024-12-16 13:22:10 INFO  RequestHandler - Обрабатываем запрос: people/1/
2024-12-16 13:22:11 ERROR RequestHandler - Ошибка при проверке доступности SWAPI: Этот хост неизвестен (sw-api.starnavi.iopeople)
2024-12-16 13:22:11 ERROR RequestHandler - Ошибка подключения к SWAPI.
2024-12-16 13:22:11 INFO  StarWarsApp - Обработан запрос: people/1/
2024-12-16 13:24:24 INFO  RequestHandler - Обрабатываем запрос: people/1/
2024-12-16 13:24:26 WARN  RequestHandler - Запрос не найден в словаре, или это запрос на персонажа: people/1/
2024-12-16 13:24:51 INFO  RequestHandler - Обрабатываем запрос: Mace Windu
2024-12-16 13:24:51 WARN  RequestHandler - Запрос не найден в словаре, или это запрос на персонажа: Mace Windu
2024-12-16 13:25:05 INFO  RequestHandler - Обрабатываем запрос: Hoth
2024-12-16 13:25:06 ERROR RequestHandler - Ошибка при обработке JSON для запроса 'Hoth': class java.util.ArrayList cannot be cast to class com.fasterxml.jackson.databind.JsonNode (java.util.ArrayList is in module java.base of loader 'bootstrap'; com.fasterxml.jackson.databind.JsonNode is in unnamed module of loader 'app')
2024-12-16 13:25:06 INFO  StarWarsApp - Обработан запрос: Hoth
2024-12-16 13:26:33 INFO  RequestHandler - Обрабатываем запрос: Оби-Ван
2024-12-16 13:26:34 WARN  RequestHandler - Запрос не найден в словаре, или это запрос на персонажа: Оби-Ван
2024-12-16 13:28:36 INFO  RequestHandler - Обрабатываем запрос: Оби-Ван
2024-12-16 13:28:38 WARN  RequestHandler - Запрос не найден в словаре, или это запрос на персонажа: Оби-Ван
2024-12-16 13:28:49 INFO  RequestHandler - Обрабатываем запрос: Hoth
2024-12-16 13:28:50 ERROR RequestHandler - Ошибка при обработке JSON для запроса 'Hoth': class java.util.ArrayList cannot be cast to class com.fasterxml.jackson.databind.JsonNode (java.util.ArrayList is in module java.base of loader 'bootstrap'; com.fasterxml.jackson.databind.JsonNode is in unnamed module of loader 'app')
2024-12-16 13:28:50 INFO  StarWarsApp - Обработан запрос: Hoth
2024-12-16 13:31:54 INFO  RequestHandler - Обрабатываем запрос: Hoth
2024-12-16 13:34:27 INFO  RequestHandler - Обрабатываем запрос: Hoth
2024-12-16 13:36:16 INFO  RequestHandler - Обрабатываем запрос: Hoth
2024-12-16 13:38:03 INFO  RequestHandler - Обрабатываем запрос: Hoth
2024-12-16 13:38:07 INFO  RequestHandler - Выведена информация о планете: Hoth
2024-12-16 13:38:07 INFO  StarWarsApp - Обработан запрос: Hoth
2024-12-16 13:40:20 INFO  RequestHandler - Обрабатываем запрос: Hoth
2024-12-16 13:40:24 INFO  RequestHandler - Выведена информация о планете: Hoth
2024-12-16 13:40:24 INFO  StarWarsApp - Обработан запрос: Hoth
2024-12-16 13:41:35 INFO  RequestHandler - Обрабатываем запрос: Bespin
2024-12-16 13:41:39 INFO  RequestHandler - Выведена информация о планете: Bespin
2024-12-16 13:41:39 INFO  StarWarsApp - Обработан запрос: Bespin
2024-12-16 13:56:41 INFO  RequestHandler - Обрабатываем запрос: Сидиус
2024-12-16 13:56:44 WARN  RequestHandler - Запрос не найден в словаре, или это запрос на персонажа: Сидиус
2024-12-16 13:56:45 ERROR RequestHandler - Персонаж 'Сидиус' не найден.
2024-12-16 13:56:45 INFO  StarWarsApp - Обработан запрос: Сидиус
2024-12-16 14:02:45 INFO  RequestHandler - Обрабатываем запрос: Алдераан
2024-12-16 14:02:49 ERROR RequestHandler - Планета 'Алдераан' не найдена.
2024-12-16 14:02:49 INFO  StarWarsApp - Обработан запрос: Алдераан
2024-12-16 14:02:58 INFO  RequestHandler - Обрабатываем запрос: Finn
2024-12-16 14:02:58 WARN  RequestHandler - Запрос не найден в словаре, или это запрос на персонажа: Finn
2024-12-16 14:02:59 ERROR RequestHandler - Персонаж 'Finn' не найден.
2024-12-16 14:02:59 INFO  StarWarsApp - Обработан запрос: Finn
2024-12-16 14:03:14 INFO  RequestHandler - Обрабатываем запрос: Alderaan
2024-12-16 14:03:15 INFO  RequestHandler - Выведена информация о планете: Alderaan
2024-12-16 14:03:15 INFO  StarWarsApp - Обработан запрос: Alderaan
2024-12-16 14:03:35 INFO  RequestHandler - Обрабатываем запрос: Дагоба
2024-12-16 14:03:35 ERROR RequestHandler - Планета 'Дагоба' не найдена.
2024-12-16 14:03:35 INFO  StarWarsApp - Обработан запрос: Дагоба
2024-12-16 14:03:46 INFO  RequestHandler - Обрабатываем запрос: Алдераан
2024-12-16 14:03:46 ERROR RequestHandler - Планета 'Алдераан' не найдена.
2024-12-16 14:03:46 INFO  StarWarsApp - Обработан запрос: Алдераан
2024-12-16 14:10:31 INFO  RequestHandler - Обрабатываем запрос: Алдераан
2024-12-16 14:10:34 ERROR RequestHandler - Планета 'Алдераан' не найдена.
2024-12-16 14:10:34 INFO  StarWarsApp - Обработан запрос: Алдераан
2024-12-16 14:10:49 INFO  RequestHandler - Обрабатываем запрос: Alderaan
2024-12-16 14:10:50 INFO  RequestHandler - Выведена информация о планете: Alderaan
2024-12-16 14:10:50 INFO  StarWarsApp - Обработан запрос: Alderaan
2024-12-16 14:11:29 INFO  RequestHandler - Обрабатываем запрос: Алдераан
2024-12-16 14:11:32 ERROR RequestHandler - Планета 'Алдераан' не найдена.
2024-12-16 14:11:32 INFO  StarWarsApp - Обработан запрос: Алдераан
2024-12-16 14:11:44 INFO  RequestHandler - Обрабатываем запрос: Татуин
2024-12-16 14:11:46 ERROR RequestHandler - Планета 'Татуин' не найдена.
2024-12-16 14:11:46 INFO  StarWarsApp - Обработан запрос: Татуин
2024-12-16 14:11:59 INFO  RequestHandler - Обрабатываем запрос: Finn
2024-12-16 14:11:59 ERROR RequestHandler - Персонаж 'Finn' не найден.
2024-12-16 14:11:59 INFO  StarWarsApp - Обработан запрос: Finn
2024-12-16 14:12:12 INFO  RequestHandler - Обрабатываем запрос: Luke Skywalker
2024-12-16 14:12:27 INFO  RequestHandler - Обрабатываем запрос: Dagobah
2024-12-16 14:12:27 INFO  RequestHandler - Выведена информация о планете: Dagobah
2024-12-16 14:12:27 INFO  StarWarsApp - Обработан запрос: Dagobah
2024-12-16 14:12:39 INFO  RequestHandler - Обрабатываем запрос: Tatooine
2024-12-16 14:12:39 INFO  RequestHandler - Выведена информация о планете: Tatooine
2024-12-16 14:12:39 INFO  StarWarsApp - Обработан запрос: Tatooine
2024-12-16 14:12:41 INFO  RequestHandler - Обрабатываем запрос: Tatooine
2024-12-16 14:12:42 INFO  RequestHandler - Выведена информация о планете: Tatooine
2024-12-16 14:12:42 INFO  StarWarsApp - Обработан запрос: Tatooine
2024-12-16 15:08:43 INFO  RequestHandler - Обрабатываем запрос: Dagobah
2024-12-16 15:08:51 INFO  RequestHandler - Выведена информация о планете: Dagobah
2024-12-16 15:08:51 INFO  StarWarsApp - Обработан запрос: Dagobah
2024-12-16 16:35:09 INFO  RequestHandler - Обрабатываем запрос: Алдераан
2024-12-16 16:35:13 ERROR RequestHandler - Персонаж 'Алдераан' не найден.
2024-12-16 16:35:25 INFO  RequestHandler - Обрабатываем запрос: Tatooine
2024-12-16 16:35:26 ERROR RequestHandler - Персонаж 'Tatooine' не найден.
2024-12-16 16:35:31 INFO  RequestHandler - Обрабатываем запрос: Tatooine
2024-12-16 16:35:31 ERROR RequestHandler - Персонаж 'Tatooine' не найден.
2024-12-16 16:35:49 INFO  RequestHandler - Обрабатываем запрос: Dagobah
2024-12-16 16:35:50 ERROR RequestHandler - Персонаж 'Dagobah' не найден.
2024-12-16 16:41:50 INFO  RequestHandler - Обрабатываем запрос: Dagobah
2024-12-16 16:41:53 ERROR RequestHandler - Персонаж 'Dagobah' не найден.
2024-12-16 16:48:17 INFO  RequestHandler - Обрабатываем запрос: Татуин
2024-12-16 16:48:21 ERROR RequestHandler - Планета 'Татуин' не найдена.
2024-12-16 16:48:43 INFO  RequestHandler - Обрабатываем запрос: Dagobah
2024-12-16 16:48:44 INFO  RequestHandler - Выведена информация о планете: Dagobah
2024-12-16 16:49:02 INFO  RequestHandler - Обрабатываем запрос: Luke Skywalker
2024-12-16 16:55:09 INFO  RequestHandler - Обрабатываем запрос: Rey
2024-12-16 16:55:12 ERROR RequestHandler - Персонаж 'Rey' не найден.
2024-12-16 16:55:27 INFO  RequestHandler - Обрабатываем запрос: Darth Vader
2024-12-16 16:55:28 INFO  RequestHandler - Выведена информация о персонаже: Darth Vader
2024-12-16 16:59:30 INFO  RequestHandler - Обрабатываем запрос: Йода
2024-12-16 16:59:30 ERROR RequestHandler - Персонаж 'Йода' не найден.
2024-12-16 16:59:44 INFO  RequestHandler - Обрабатываем запрос: Yoda
2024-12-16 16:59:48 INFO  RequestHandler - Выведена информация о персонаже: Yoda
2024-12-16 17:00:26 INFO  RequestHandler - Обрабатываем запрос: Йода
2024-12-16 17:00:40 INFO  RequestHandler - Обрабатываем запрос: Йода
2024-12-16 17:00:41 ERROR RequestHandler - Персонаж 'Йода' не найден.
2024-12-16 17:04:17 INFO  RequestHandler - Обрабатываем запрос: Йода
2024-12-16 17:04:21 ERROR RequestHandler - Персонаж 'Йода' не найден.
2024-12-16 17:04:38 INFO  RequestHandler - Обрабатываем запрос: Yoda
2024-12-16 17:04:39 INFO  RequestHandler - Выведена информация о персонаже: Yoda
2024-12-16 17:11:38 INFO  RequestHandler - Обрабатываем запрос: Дагоба
2024-12-16 19:06:32 INFO  RequestHandler - Обрабатываем запрос: Yoda
2024-12-16 19:06:47 INFO  RequestHandler - Обрабатываем запрос: Йода
2024-12-16 19:06:57 ERROR RequestHandler - Персонаж 'Йода' не найден.
2024-12-16 19:06:57 INFO  RequestHandler - Обрабатываем запрос: Йода
2024-12-16 19:06:57 ERROR RequestHandler - Персонаж 'Йода' не найден.
2024-12-16 19:07:00 INFO  RequestHandler - Обрабатываем запрос: Йода
2024-12-16 19:07:03 ERROR RequestHandler - Персонаж 'Йода' не найден.
2024-12-16 19:11:23 INFO  RequestHandler - Обрабатываем запрос: Luke Skywalker
2024-12-16 19:11:26 INFO  RequestHandler - Выведена информация о персонаже: Luke Skywalker
2024-12-16 19:22:15 INFO  RequestHandler - Обрабатываем запрос: Finn
2024-12-16 19:22:17 ERROR RequestHandler - Персонаж 'Finn' не найден.
2024-12-16 19:22:28 INFO  RequestHandler - Обрабатываем запрос: Yoda
2024-12-16 19:22:28 INFO  RequestHandler - Выведена информация о персонаже: Yoda
2024-12-16 19:22:50 INFO  RequestHandler - Обрабатываем запрос: Люк Скайуокер
2024-12-16 19:22:51 ERROR RequestHandler - Персонаж 'Люк Скайуокер' не найден.
2024-12-16 19:25:48 INFO  RequestHandler - Обрабатываем запрос: Дагоба
2024-12-16 19:25:50 INFO  RequestHandler - Выведена информация о планете: Dagobah
2024-12-16 20:03:54 INFO  RequestHandler - Обрабатываем запрос: Dagobah
2024-12-16 20:03:57 INFO  RequestHandler - Выведена информация о планете: Dagobah
2024-12-16 20:04:10 INFO  RequestHandler - Обрабатываем запрос: Ши Скайуокер
2024-12-16 20:04:10 INFO  RequestHandler - Выведена информация о персонаже: Shmi Skywalker
2024-12-16 20:05:51 INFO  RequestHandler - Обрабатываем запрос: A New Hope
2024-12-16 20:06:08 INFO  RequestHandler - Выведена информация о фильме: A New Hope
2024-12-16 20:06:36 INFO  RequestHandler - Обрабатываем запрос: Dagobah
2024-12-16 20:06:38 INFO  RequestHandler - Выведена информация о планете: Dagobah
2024-12-16 20:07:12 INFO  RequestHandler - Обрабатываем запрос: Дарт Вейдер
2024-12-16 20:07:25 INFO  RequestHandler - Обрабатываем запрос: Дарт Вейдер
2024-12-16 20:07:26 INFO  RequestHandler - Выведена информация о персонаже: Darth Vader
2024-12-16 20:09:53 INFO  RequestHandler - Обрабатываем запрос: Dagobah
2024-12-16 20:09:55 INFO  RequestHandler - Выведена информация о планете: Dagobah
2024-12-16 20:10:48 INFO  RequestHandler - Обрабатываем запрос: Дагоба
2024-12-16 20:11:00 INFO  RequestHandler - Обрабатываем запрос: Дагоба
2024-12-16 20:11:01 INFO  RequestHandler - Выведена информация о планете: Dagobah
2024-12-16 20:57:53 INFO  RequestHandler - Обрабатываем запрос: Dagobah
2024-12-16 20:57:56 INFO  RequestHandler - Выведена информация о планете: Dagobah
